This file contains any messages produced by compilers while
running configure, to aid debugging if configure makes a mistake.

It was created by BatMis configure 3.00(mmx), which was
generated by GNU Autoconf 2.65.  Invocation command line was

  $ ./configure --prefix=/public-supool/home/gaolab/SXL/BatMis-3.00

## --------- ##
## Platform. ##
## --------- ##

hostname = ln01
uname -m = x86_64
uname -r = 3.10.0-514.el7.x86_64
uname -s = Linux
uname -v = #1 SMP Tue Nov 22 16:42:41 UTC 2016

/usr/bin/uname -p = x86_64
/bin/uname -X     = unknown

/bin/arch              = x86_64
/usr/bin/arch -k       = unknown
/usr/convex/getsysinfo = unknown
/usr/bin/hostinfo      = unknown
/bin/machine           = unknown
/usr/bin/oslevel       = unknown
/bin/universe          = unknown

PATH: /public-supool/home/gaolab/anaconda3/bin
PATH: /public-supool/home/gaolab/anaconda3/condabin
PATH: /public-supool/home/gaolab/HJY/NGS_analysis/AlphaFold2/julia-1.5.3/bin
PATH: /public-supool/home/gaolab/HJY/NGS_analysis/AlphaFold2/julia-1.5.3/bin
PATH: /public-supool/home/gaolab/SXL/OOP_Hybrid_pipeline
PATH: /public-supool/software/R-4.2.1/bin
PATH: /public-supool/software/jdk1.8.0_161/bin
PATH: /public-supool/home/gaolab/soft/meme/bin
PATH: /public-supool/software/hisat2-2.1.0
PATH: /public-supool/software/cufflinks-2.2.1.Linux_x86_64
PATH: /public-supool/software/circos-0.69/bin/circos/bin
PATH: /public-supool/home/gaolab/soft/CRISPRCasFinder-release-4.2.20
PATH: /public-supool/home/gaolab/soft/CRISPRCasFinder-release-4.2.20/bin
PATH: /public-supool/home/gaolab/usr/annovar
PATH: /public-supool/software/canu-2.1/bin
PATH: /public-supool/software/bcftools-1.9/bin
PATH: /public-supool/software/bamtools-2.5.1/usr/local/bin
PATH: /public-supool/software/cufflinks-2.2.1.Linux_x86_64
PATH: /public-supool/home/gaolab/usr/ncbi-blast-2.10.1+/bin
PATH: /public-supool/home/gaolab/usr/telseq-master/src/Telseq
PATH: /public-supool/software/bedtools2-bk/bin
PATH: /public-supool/home/gaolab/usr/gatk-4.0.6.0
PATH: /public-supool/home/gaolab/usr/bowtie2-2.3.4.1
PATH: /public-supool/home/gaolab/usr/bwa-0.7.17
PATH: /usr/lib/jvm/java-1.8.0-openjdk-1.8.0.102-4.b14.el7.x86_64/bin
PATH: /usr/lib/jvm/java-1.8.0-openjdk-1.8.0.102-4.b14.el7.x86_64/jre/bin
PATH: /public-supool/software/bin
PATH: /public-supool/software/platform/lsf/10.1/linux2.6-glibc2.3-x86_64/etc
PATH: /public-supool/software/platform/lsf/10.1/linux2.6-glibc2.3-x86_64/bin
PATH: /usr/lib/jvm/java-1.8.0-openjdk-1.8.0.102-4.b14.el7.x86_64/bin
PATH: /usr/lib/jvm/java-1.8.0-openjdk-1.8.0.102-4.b14.el7.x86_64/jre/bin
PATH: /public-supool/software/bin
PATH: /usr/local/sbin
PATH: /usr/local/bin
PATH: /usr/sbin
PATH: /usr/bin
PATH: /usr/lpp/mmfs/bin
PATH: /opt/ibutils/bin
PATH: /public-supool/software/R-4.0.4/bin
PATH: /usr/lpp/mmfs/bin
PATH: /root/bin
PATH: /usr/local/git/bin
PATH: /usr/lpp/mmfs/bin
PATH: /public-supool/software/git-2.9.5/local/bin
PATH: /public-supool/software/miniprot-0.11
PATH: /public-supool/home/gaolab/usr/FLASH-1.2.11
PATH: /public-supool/home/gaolab/usr/primer3-2.3.6/src
PATH: /public-supool/home/gaolab/usr/e-PCR-2.3.12
PATH: /public-supool/home/gaolab/czz/linux/soft/sra/sratoolkit.2.11.1-ubuntu64/bin
PATH: /public-supool/home/gaolab/.local/bin
PATH: /public-supool/home/gaolab/bin
PATH: /public-supool/home/gaolab/usr/FLASH-1.2.11


## ----------- ##
## Core tests. ##
## ----------- ##

configure:2249: checking for a BSD-compatible install
configure:2317: result: /usr/bin/install -c
configure:2328: checking whether build environment is sane
configure:2378: result: yes
configure:2519: checking for a thread-safe mkdir -p
configure:2558: result: /usr/bin/mkdir -p
configure:2571: checking for gawk
configure:2587: found /public-supool/home/gaolab/anaconda3/bin/gawk
configure:2598: result: gawk
configure:2609: checking whether make sets $(MAKE)
configure:2631: result: yes
configure:2774: checking for g++
configure:2790: found /usr/local/bin/g++
configure:2801: result: g++
configure:2828: checking for C++ compiler version
configure:2837: g++ --version >&5
g++ (GCC) 4.9.0
Copyright (C) 2014 Free Software Foundation, Inc.
This is free software; see the source for copying conditions.  There is NO
warranty; not even for MERCHANTABILITY or FITNESS FOR A PARTICULAR PURPOSE.

configure:2848: $? = 0
configure:2837: g++ -v >&5
Using built-in specs.
COLLECT_GCC=g++
COLLECT_LTO_WRAPPER=/usr/local/libexec/gcc/x86_64-unknown-linux-gnu/4.9.0/lto-wrapper
Target: x86_64-unknown-linux-gnu
Configured with: ../gcc-4.9.0/configure --enable-checking=release --enable-languages=c,c++ --disable-multilib : (reconfigured) ../gcc-4.9.0/configure --disable-multilib --enable-checking=release --enable-languages=c,c++
Thread model: posix
gcc version 4.9.0 (GCC) 
configure:2848: $? = 0
configure:2837: g++ -V >&5
g++: error: unrecognized command line option '-V'
g++: fatal error: no input files
compilation terminated.
configure:2848: $? = 1
configure:2837: g++ -qversion >&5
g++: error: unrecognized command line option '-qversion'
g++: fatal error: no input files
compilation terminated.
configure:2848: $? = 1
configure:2868: checking whether the C++ compiler works
configure:2890: g++    conftest.cpp  >&5
configure:2894: $? = 0
configure:2943: result: yes
configure:2946: checking for C++ compiler default output file name
configure:2948: result: a.out
configure:2954: checking for suffix of executables
configure:2961: g++ -o conftest    conftest.cpp  >&5
configure:2965: $? = 0
configure:2987: result: 
configure:3009: checking whether we are cross compiling
configure:3017: g++ -o conftest    conftest.cpp  >&5
configure:3021: $? = 0
configure:3028: ./conftest
configure:3032: $? = 0
configure:3047: result: no
configure:3052: checking for suffix of object files
configure:3074: g++ -c   conftest.cpp >&5
configure:3078: $? = 0
configure:3099: result: o
configure:3103: checking whether we are using the GNU C++ compiler
configure:3122: g++ -c   conftest.cpp >&5
configure:3122: $? = 0
configure:3131: result: yes
configure:3140: checking whether g++ accepts -g
configure:3160: g++ -c -g  conftest.cpp >&5
configure:3160: $? = 0
configure:3201: result: yes
configure:3235: checking for style of include used by make
configure:3263: result: GNU
configure:3288: checking dependency style of g++
configure:3398: result: gcc3
configure:3461: checking for gcc
configure:3477: found /usr/bin/gcc
configure:3488: result: gcc
configure:3717: checking for C compiler version
configure:3726: gcc --version >&5
gcc (GCC) 4.8.5 20150623 (Red Hat 4.8.5-11)
Copyright (C) 2015 Free Software Foundation, Inc.
This is free software; see the source for copying conditions.  There is NO
warranty; not even for MERCHANTABILITY or FITNESS FOR A PARTICULAR PURPOSE.

configure:3737: $? = 0
configure:3726: gcc -v >&5
Using built-in specs.
COLLECT_GCC=gcc
COLLECT_LTO_WRAPPER=/usr/libexec/gcc/x86_64-redhat-linux/4.8.5/lto-wrapper
Target: x86_64-redhat-linux
Configured with: ../configure --prefix=/usr --mandir=/usr/share/man --infodir=/usr/share/info --with-bugurl=http://bugzilla.redhat.com/bugzilla --enable-bootstrap --enable-shared --enable-threads=posix --enable-checking=release --with-system-zlib --enable-__cxa_atexit --disable-libunwind-exceptions --enable-gnu-unique-object --enable-linker-build-id --with-linker-hash-style=gnu --enable-languages=c,c++,objc,obj-c++,java,fortran,ada,go,lto --enable-plugin --enable-initfini-array --disable-libgcj --with-isl=/builddir/build/BUILD/gcc-4.8.5-20150702/obj-x86_64-redhat-linux/isl-install --with-cloog=/builddir/build/BUILD/gcc-4.8.5-20150702/obj-x86_64-redhat-linux/cloog-install --enable-gnu-indirect-function --with-tune=generic --with-arch_32=x86-64 --build=x86_64-redhat-linux
Thread model: posix
gcc version 4.8.5 20150623 (Red Hat 4.8.5-11) (GCC) 
configure:3737: $? = 0
configure:3726: gcc -V >&5
gcc: error: unrecognized command line option '-V'
gcc: fatal error: no input files
compilation terminated.
configure:3737: $? = 4
configure:3726: gcc -qversion >&5
gcc: error: unrecognized command line option '-qversion'
gcc: fatal error: no input files
compilation terminated.
configure:3737: $? = 4
configure:3741: checking whether we are using the GNU C compiler
configure:3760: gcc -c   conftest.c >&5
configure:3760: $? = 0
configure:3769: result: yes
configure:3778: checking whether gcc accepts -g
configure:3798: gcc -c -g  conftest.c >&5
configure:3798: $? = 0
configure:3839: result: yes
configure:3856: checking for gcc option to accept ISO C89
configure:3920: gcc  -c -g -O2  conftest.c >&5
configure:3920: $? = 0
configure:3933: result: none needed
configure:3955: checking dependency style of gcc
configure:4065: result: gcc3
configure:4090: checking how to run the C preprocessor
configure:4121: gcc -E  conftest.c
configure:4121: $? = 0
configure:4135: gcc -E  conftest.c
conftest.c:11:28: fatal error: ac_nonexistent.h: No such file or directory
 #include <ac_nonexistent.h>
                            ^
compilation terminated.
configure:4135: $? = 1
configure: failed program was:
| /* confdefs.h */
| #define PACKAGE_NAME "BatMis"
| #define PACKAGE_TARNAME "batmis"
| #define PACKAGE_VERSION "3.00(mmx)"
| #define PACKAGE_STRING "BatMis 3.00(mmx)"
| #define PACKAGE_BUGREPORT "bwtbatman@gmail.com"
| #define PACKAGE_URL ""
| #define PACKAGE "BatMis"
| #define VERSION "3.00"
| /* end confdefs.h.  */
| #include <ac_nonexistent.h>
configure:4160: result: gcc -E
configure:4180: gcc -E  conftest.c
configure:4180: $? = 0
configure:4194: gcc -E  conftest.c
conftest.c:11:28: fatal error: ac_nonexistent.h: No such file or directory
 #include <ac_nonexistent.h>
                            ^
compilation terminated.
configure:4194: $? = 1
configure: failed program was:
| /* confdefs.h */
| #define PACKAGE_NAME "BatMis"
| #define PACKAGE_TARNAME "batmis"
| #define PACKAGE_VERSION "3.00(mmx)"
| #define PACKAGE_STRING "BatMis 3.00(mmx)"
| #define PACKAGE_BUGREPORT "bwtbatman@gmail.com"
| #define PACKAGE_URL ""
| #define PACKAGE "BatMis"
| #define VERSION "3.00"
| /* end confdefs.h.  */
| #include <ac_nonexistent.h>
configure:4223: checking for grep that handles long lines and -e
configure:4281: result: /usr/bin/grep
configure:4286: checking for egrep
configure:4348: result: /usr/bin/grep -E
configure:4353: checking for ANSI C header files
configure:4373: gcc -c -g -O2  conftest.c >&5
configure:4373: $? = 0
configure:4446: gcc -o conftest -g -O2   conftest.c  >&5
configure:4446: $? = 0
configure:4446: ./conftest
configure:4446: $? = 0
configure:4457: result: yes
configure:4470: checking for sys/types.h
configure:4470: gcc -c -g -O2  conftest.c >&5
configure:4470: $? = 0
configure:4470: result: yes
configure:4470: checking for sys/stat.h
configure:4470: gcc -c -g -O2  conftest.c >&5
configure:4470: $? = 0
configure:4470: result: yes
configure:4470: checking for stdlib.h
configure:4470: gcc -c -g -O2  conftest.c >&5
configure:4470: $? = 0
configure:4470: result: yes
configure:4470: checking for string.h
configure:4470: gcc -c -g -O2  conftest.c >&5
configure:4470: $? = 0
configure:4470: result: yes
configure:4470: checking for memory.h
configure:4470: gcc -c -g -O2  conftest.c >&5
configure:4470: $? = 0
configure:4470: result: yes
configure:4470: checking for strings.h
configure:4470: gcc -c -g -O2  conftest.c >&5
configure:4470: $? = 0
configure:4470: result: yes
configure:4470: checking for inttypes.h
configure:4470: gcc -c -g -O2  conftest.c >&5
configure:4470: $? = 0
configure:4470: result: yes
configure:4470: checking for stdint.h
configure:4470: gcc -c -g -O2  conftest.c >&5
configure:4470: $? = 0
configure:4470: result: yes
configure:4470: checking for unistd.h
configure:4470: gcc -c -g -O2  conftest.c >&5
configure:4470: $? = 0
configure:4470: result: yes
configure:4486: checking limits.h usability
configure:4486: gcc -c -g -O2  conftest.c >&5
configure:4486: $? = 0
configure:4486: result: yes
configure:4486: checking limits.h presence
configure:4486: gcc -E  conftest.c
configure:4486: $? = 0
configure:4486: result: yes
configure:4486: checking for limits.h
configure:4486: result: yes
configure:4486: checking malloc.h usability
configure:4486: gcc -c -g -O2  conftest.c >&5
configure:4486: $? = 0
configure:4486: result: yes
configure:4486: checking malloc.h presence
configure:4486: gcc -E  conftest.c
configure:4486: $? = 0
configure:4486: result: yes
configure:4486: checking for malloc.h
configure:4486: result: yes
configure:4486: checking stddef.h usability
configure:4486: gcc -c -g -O2  conftest.c >&5
configure:4486: $? = 0
configure:4486: result: yes
configure:4486: checking stddef.h presence
configure:4486: gcc -E  conftest.c
configure:4486: $? = 0
configure:4486: result: yes
configure:4486: checking for stddef.h
configure:4486: result: yes
configure:4486: checking for stdint.h
configure:4486: result: yes
configure:4486: checking for stdlib.h
configure:4486: result: yes
configure:4486: checking for string.h
configure:4486: result: yes
configure:4486: checking sys/socket.h usability
configure:4486: gcc -c -g -O2  conftest.c >&5
configure:4486: $? = 0
configure:4486: result: yes
configure:4486: checking sys/socket.h presence
configure:4486: gcc -E  conftest.c
configure:4486: $? = 0
configure:4486: result: yes
configure:4486: checking for sys/socket.h
configure:4486: result: yes
configure:4486: checking sys/time.h usability
configure:4486: gcc -c -g -O2  conftest.c >&5
configure:4486: $? = 0
configure:4486: result: yes
configure:4486: checking sys/time.h presence
configure:4486: gcc -E  conftest.c
configure:4486: $? = 0
configure:4486: result: yes
configure:4486: checking for sys/time.h
configure:4486: result: yes
configure:4486: checking for unistd.h
configure:4486: result: yes
configure:4499: checking for an ANSI C-conforming const
configure:4564: gcc -c -g -O2  conftest.c >&5
configure:4564: $? = 0
configure:4571: result: yes
configure:4579: checking for size_t
configure:4579: gcc -c -g -O2  conftest.c >&5
configure:4579: $? = 0
configure:4579: gcc -c -g -O2  conftest.c >&5
conftest.c: In function 'main':
conftest.c:66:21: error: expected expression before ')' token
 if (sizeof ((size_t)))
                     ^
configure:4579: $? = 1
configure: failed program was:
| /* confdefs.h */
| #define PACKAGE_NAME "BatMis"
| #define PACKAGE_TARNAME "batmis"
| #define PACKAGE_VERSION "3.00(mmx)"
| #define PACKAGE_STRING "BatMis 3.00(mmx)"
| #define PACKAGE_BUGREPORT "bwtbatman@gmail.com"
| #define PACKAGE_URL ""
| #define PACKAGE "BatMis"
| #define VERSION "3.00"
| #define STDC_HEADERS 1
| #define HAVE_SYS_TYPES_H 1
| #define HAVE_SYS_STAT_H 1
| #define HAVE_STDLIB_H 1
| #define HAVE_STRING_H 1
| #define HAVE_MEMORY_H 1
| #define HAVE_STRINGS_H 1
| #define HAVE_INTTYPES_H 1
| #define HAVE_STDINT_H 1
| #define HAVE_UNISTD_H 1
| #define HAVE_LIMITS_H 1
| #define HAVE_MALLOC_H 1
| #define HAVE_STDDEF_H 1
| #define HAVE_STDINT_H 1
| #define HAVE_STDLIB_H 1
| #define HAVE_STRING_H 1
| #define HAVE_SYS_SOCKET_H 1
| #define HAVE_SYS_TIME_H 1
| #define HAVE_UNISTD_H 1
| /* end confdefs.h.  */
| #include <stdio.h>
| #ifdef HAVE_SYS_TYPES_H
| # include <sys/types.h>
| #endif
| #ifdef HAVE_SYS_STAT_H
| # include <sys/stat.h>
| #endif
| #ifdef STDC_HEADERS
| # include <stdlib.h>
| # include <stddef.h>
| #else
| # ifdef HAVE_STDLIB_H
| #  include <stdlib.h>
| # endif
| #endif
| #ifdef HAVE_STRING_H
| # if !defined STDC_HEADERS && defined HAVE_MEMORY_H
| #  include <memory.h>
| # endif
| # include <string.h>
| #endif
| #ifdef HAVE_STRINGS_H
| # include <strings.h>
| #endif
| #ifdef HAVE_INTTYPES_H
| # include <inttypes.h>
| #endif
| #ifdef HAVE_STDINT_H
| # include <stdint.h>
| #endif
| #ifdef HAVE_UNISTD_H
| # include <unistd.h>
| #endif
| int
| main ()
| {
| if (sizeof ((size_t)))
| 	    return 0;
|   ;
|   return 0;
| }
configure:4579: result: yes
configure:4590: checking whether time.h and sys/time.h may both be included
configure:4610: gcc -c -g -O2  conftest.c >&5
configure:4610: $? = 0
configure:4617: result: yes
configure:4625: checking for working volatile
configure:4644: gcc -c -g -O2  conftest.c >&5
configure:4644: $? = 0
configure:4651: result: yes
configure:4659: checking for ptrdiff_t
configure:4659: gcc -c -g -O2  conftest.c >&5
configure:4659: $? = 0
configure:4659: gcc -c -g -O2  conftest.c >&5
conftest.c: In function 'main':
conftest.c:67:24: error: expected expression before ')' token
 if (sizeof ((ptrdiff_t)))
                        ^
configure:4659: $? = 1
configure: failed program was:
| /* confdefs.h */
| #define PACKAGE_NAME "BatMis"
| #define PACKAGE_TARNAME "batmis"
| #define PACKAGE_VERSION "3.00(mmx)"
| #define PACKAGE_STRING "BatMis 3.00(mmx)"
| #define PACKAGE_BUGREPORT "bwtbatman@gmail.com"
| #define PACKAGE_URL ""
| #define PACKAGE "BatMis"
| #define VERSION "3.00"
| #define STDC_HEADERS 1
| #define HAVE_SYS_TYPES_H 1
| #define HAVE_SYS_STAT_H 1
| #define HAVE_STDLIB_H 1
| #define HAVE_STRING_H 1
| #define HAVE_MEMORY_H 1
| #define HAVE_STRINGS_H 1
| #define HAVE_INTTYPES_H 1
| #define HAVE_STDINT_H 1
| #define HAVE_UNISTD_H 1
| #define HAVE_LIMITS_H 1
| #define HAVE_MALLOC_H 1
| #define HAVE_STDDEF_H 1
| #define HAVE_STDINT_H 1
| #define HAVE_STDLIB_H 1
| #define HAVE_STRING_H 1
| #define HAVE_SYS_SOCKET_H 1
| #define HAVE_SYS_TIME_H 1
| #define HAVE_UNISTD_H 1
| #define TIME_WITH_SYS_TIME 1
| /* end confdefs.h.  */
| #include <stdio.h>
| #ifdef HAVE_SYS_TYPES_H
| # include <sys/types.h>
| #endif
| #ifdef HAVE_SYS_STAT_H
| # include <sys/stat.h>
| #endif
| #ifdef STDC_HEADERS
| # include <stdlib.h>
| # include <stddef.h>
| #else
| # ifdef HAVE_STDLIB_H
| #  include <stdlib.h>
| # endif
| #endif
| #ifdef HAVE_STRING_H
| # if !defined STDC_HEADERS && defined HAVE_MEMORY_H
| #  include <memory.h>
| # endif
| # include <string.h>
| #endif
| #ifdef HAVE_STRINGS_H
| # include <strings.h>
| #endif
| #ifdef HAVE_INTTYPES_H
| # include <inttypes.h>
| #endif
| #ifdef HAVE_STDINT_H
| # include <stdint.h>
| #endif
| #ifdef HAVE_UNISTD_H
| # include <unistd.h>
| #endif
| int
| main ()
| {
| if (sizeof ((ptrdiff_t)))
| 	    return 0;
|   ;
|   return 0;
| }
configure:4659: result: yes
configure:4673: checking for stdlib.h
configure:4673: result: yes
configure:4683: checking for GNU libc compatible malloc
configure:4707: gcc -o conftest -g -O2   conftest.c  >&5
configure:4707: $? = 0
configure:4707: ./conftest
configure:4707: $? = 0
configure:4717: result: yes
configure:4740: checking for stdlib.h
configure:4740: result: yes
configure:4750: checking for GNU libc compatible realloc
configure:4774: gcc -o conftest -g -O2   conftest.c  >&5
configure:4774: $? = 0
configure:4774: ./conftest
configure:4774: $? = 0
configure:4784: result: yes
configure:4814: checking for vprintf
configure:4814: gcc -o conftest -g -O2   conftest.c  >&5
conftest.c:59:6: warning: conflicting types for built-in function 'vprintf' [enabled by default]
 char vprintf ();
      ^
configure:4814: $? = 0
configure:4814: result: yes
configure:4820: checking for _doprnt
configure:4820: gcc -o conftest -g -O2   conftest.c  >&5
/tmp/ccPnoE3s.o: In function `main':
/public-supool/home/gaolab/SXL/BatMis-3.00/conftest.c:71: undefined reference to `_doprnt'
collect2: error: ld returned 1 exit status
configure:4820: $? = 1
configure: failed program was:
| /* confdefs.h */
| #define PACKAGE_NAME "BatMis"
| #define PACKAGE_TARNAME "batmis"
| #define PACKAGE_VERSION "3.00(mmx)"
| #define PACKAGE_STRING "BatMis 3.00(mmx)"
| #define PACKAGE_BUGREPORT "bwtbatman@gmail.com"
| #define PACKAGE_URL ""
| #define PACKAGE "BatMis"
| #define VERSION "3.00"
| #define STDC_HEADERS 1
| #define HAVE_SYS_TYPES_H 1
| #define HAVE_SYS_STAT_H 1
| #define HAVE_STDLIB_H 1
| #define HAVE_STRING_H 1
| #define HAVE_MEMORY_H 1
| #define HAVE_STRINGS_H 1
| #define HAVE_INTTYPES_H 1
| #define HAVE_STDINT_H 1
| #define HAVE_UNISTD_H 1
| #define HAVE_LIMITS_H 1
| #define HAVE_MALLOC_H 1
| #define HAVE_STDDEF_H 1
| #define HAVE_STDINT_H 1
| #define HAVE_STDLIB_H 1
| #define HAVE_STRING_H 1
| #define HAVE_SYS_SOCKET_H 1
| #define HAVE_SYS_TIME_H 1
| #define HAVE_UNISTD_H 1
| #define TIME_WITH_SYS_TIME 1
| #define HAVE_PTRDIFF_T 1
| #define HAVE_STDLIB_H 1
| #define HAVE_MALLOC 1
| #define HAVE_STDLIB_H 1
| #define HAVE_REALLOC 1
| #define HAVE_VPRINTF 1
| /* end confdefs.h.  */
| /* Define _doprnt to an innocuous variant, in case <limits.h> declares _doprnt.
|    For example, HP-UX 11i <limits.h> declares gettimeofday.  */
| #define _doprnt innocuous__doprnt
| 
| /* System header to define __stub macros and hopefully few prototypes,
|     which can conflict with char _doprnt (); below.
|     Prefer <limits.h> to <assert.h> if __STDC__ is defined, since
|     <limits.h> exists even on freestanding compilers.  */
| 
| #ifdef __STDC__
| # include <limits.h>
| #else
| # include <assert.h>
| #endif
| 
| #undef _doprnt
| 
| /* Override any GCC internal prototype to avoid an error.
|    Use char because int might match the return type of a GCC
|    builtin and then its argument prototype would still apply.  */
| #ifdef __cplusplus
| extern "C"
| #endif
| char _doprnt ();
| /* The GNU C library defines this for functions which it implements
|     to always fail with ENOSYS.  Some functions are actually named
|     something starting with __ and the normal name is an alias.  */
| #if defined __stub__doprnt || defined __stub____doprnt
| choke me
| #endif
| 
| int
| main ()
| {
| return _doprnt ();
|   ;
|   return 0;
| }
configure:4820: result: no
configure:4834: checking for floor
configure:4834: gcc -o conftest -g -O2   conftest.c  >&5
conftest.c:60:6: warning: conflicting types for built-in function 'floor' [enabled by default]
 char floor ();
      ^
/tmp/ccP2Jx4W.o: In function `main':
/public-supool/home/gaolab/SXL/BatMis-3.00/conftest.c:71: undefined reference to `floor'
collect2: error: ld returned 1 exit status
configure:4834: $? = 1
configure: failed program was:
| /* confdefs.h */
| #define PACKAGE_NAME "BatMis"
| #define PACKAGE_TARNAME "batmis"
| #define PACKAGE_VERSION "3.00(mmx)"
| #define PACKAGE_STRING "BatMis 3.00(mmx)"
| #define PACKAGE_BUGREPORT "bwtbatman@gmail.com"
| #define PACKAGE_URL ""
| #define PACKAGE "BatMis"
| #define VERSION "3.00"
| #define STDC_HEADERS 1
| #define HAVE_SYS_TYPES_H 1
| #define HAVE_SYS_STAT_H 1
| #define HAVE_STDLIB_H 1
| #define HAVE_STRING_H 1
| #define HAVE_MEMORY_H 1
| #define HAVE_STRINGS_H 1
| #define HAVE_INTTYPES_H 1
| #define HAVE_STDINT_H 1
| #define HAVE_UNISTD_H 1
| #define HAVE_LIMITS_H 1
| #define HAVE_MALLOC_H 1
| #define HAVE_STDDEF_H 1
| #define HAVE_STDINT_H 1
| #define HAVE_STDLIB_H 1
| #define HAVE_STRING_H 1
| #define HAVE_SYS_SOCKET_H 1
| #define HAVE_SYS_TIME_H 1
| #define HAVE_UNISTD_H 1
| #define TIME_WITH_SYS_TIME 1
| #define HAVE_PTRDIFF_T 1
| #define HAVE_STDLIB_H 1
| #define HAVE_MALLOC 1
| #define HAVE_STDLIB_H 1
| #define HAVE_REALLOC 1
| #define HAVE_VPRINTF 1
| /* end confdefs.h.  */
| /* Define floor to an innocuous variant, in case <limits.h> declares floor.
|    For example, HP-UX 11i <limits.h> declares gettimeofday.  */
| #define floor innocuous_floor
| 
| /* System header to define __stub macros and hopefully few prototypes,
|     which can conflict with char floor (); below.
|     Prefer <limits.h> to <assert.h> if __STDC__ is defined, since
|     <limits.h> exists even on freestanding compilers.  */
| 
| #ifdef __STDC__
| # include <limits.h>
| #else
| # include <assert.h>
| #endif
| 
| #undef floor
| 
| /* Override any GCC internal prototype to avoid an error.
|    Use char because int might match the return type of a GCC
|    builtin and then its argument prototype would still apply.  */
| #ifdef __cplusplus
| extern "C"
| #endif
| char floor ();
| /* The GNU C library defines this for functions which it implements
|     to always fail with ENOSYS.  Some functions are actually named
|     something starting with __ and the normal name is an alias.  */
| #if defined __stub_floor || defined __stub___floor
| choke me
| #endif
| 
| int
| main ()
| {
| return floor ();
|   ;
|   return 0;
| }
configure:4834: result: no
configure:4834: checking for gettimeofday
configure:4834: gcc -o conftest -g -O2   conftest.c  >&5
configure:4834: $? = 0
configure:4834: result: yes
configure:4834: checking for memmove
configure:4834: gcc -o conftest -g -O2   conftest.c  >&5
conftest.c:61:6: warning: conflicting types for built-in function 'memmove' [enabled by default]
 char memmove ();
      ^
configure:4834: $? = 0
configure:4834: result: yes
configure:4834: checking for memset
configure:4834: gcc -o conftest -g -O2   conftest.c  >&5
conftest.c:62:6: warning: conflicting types for built-in function 'memset' [enabled by default]
 char memset ();
      ^
configure:4834: $? = 0
configure:4834: result: yes
configure:4834: checking for pow
configure:4834: gcc -o conftest -g -O2   conftest.c  >&5
conftest.c:63:6: warning: conflicting types for built-in function 'pow' [enabled by default]
 char pow ();
      ^
/tmp/ccmN30kS.o: In function `main':
/public-supool/home/gaolab/SXL/BatMis-3.00/conftest.c:74: undefined reference to `pow'
collect2: error: ld returned 1 exit status
configure:4834: $? = 1
configure: failed program was:
| /* confdefs.h */
| #define PACKAGE_NAME "BatMis"
| #define PACKAGE_TARNAME "batmis"
| #define PACKAGE_VERSION "3.00(mmx)"
| #define PACKAGE_STRING "BatMis 3.00(mmx)"
| #define PACKAGE_BUGREPORT "bwtbatman@gmail.com"
| #define PACKAGE_URL ""
| #define PACKAGE "BatMis"
| #define VERSION "3.00"
| #define STDC_HEADERS 1
| #define HAVE_SYS_TYPES_H 1
| #define HAVE_SYS_STAT_H 1
| #define HAVE_STDLIB_H 1
| #define HAVE_STRING_H 1
| #define HAVE_MEMORY_H 1
| #define HAVE_STRINGS_H 1
| #define HAVE_INTTYPES_H 1
| #define HAVE_STDINT_H 1
| #define HAVE_UNISTD_H 1
| #define HAVE_LIMITS_H 1
| #define HAVE_MALLOC_H 1
| #define HAVE_STDDEF_H 1
| #define HAVE_STDINT_H 1
| #define HAVE_STDLIB_H 1
| #define HAVE_STRING_H 1
| #define HAVE_SYS_SOCKET_H 1
| #define HAVE_SYS_TIME_H 1
| #define HAVE_UNISTD_H 1
| #define TIME_WITH_SYS_TIME 1
| #define HAVE_PTRDIFF_T 1
| #define HAVE_STDLIB_H 1
| #define HAVE_MALLOC 1
| #define HAVE_STDLIB_H 1
| #define HAVE_REALLOC 1
| #define HAVE_VPRINTF 1
| #define HAVE_GETTIMEOFDAY 1
| #define HAVE_MEMMOVE 1
| #define HAVE_MEMSET 1
| /* end confdefs.h.  */
| /* Define pow to an innocuous variant, in case <limits.h> declares pow.
|    For example, HP-UX 11i <limits.h> declares gettimeofday.  */
| #define pow innocuous_pow
| 
| /* System header to define __stub macros and hopefully few prototypes,
|     which can conflict with char pow (); below.
|     Prefer <limits.h> to <assert.h> if __STDC__ is defined, since
|     <limits.h> exists even on freestanding compilers.  */
| 
| #ifdef __STDC__
| # include <limits.h>
| #else
| # include <assert.h>
| #endif
| 
| #undef pow
| 
| /* Override any GCC internal prototype to avoid an error.
|    Use char because int might match the return type of a GCC
|    builtin and then its argument prototype would still apply.  */
| #ifdef __cplusplus
| extern "C"
| #endif
| char pow ();
| /* The GNU C library defines this for functions which it implements
|     to always fail with ENOSYS.  Some functions are actually named
|     something starting with __ and the normal name is an alias.  */
| #if defined __stub_pow || defined __stub___pow
| choke me
| #endif
| 
| int
| main ()
| {
| return pow ();
|   ;
|   return 0;
| }
configure:4834: result: no
configure:4834: checking for socket
configure:4834: gcc -o conftest -g -O2   conftest.c  >&5
configure:4834: $? = 0
configure:4834: result: yes
configure:4834: checking for sqrt
configure:4834: gcc -o conftest -g -O2   conftest.c  >&5
conftest.c:64:6: warning: conflicting types for built-in function 'sqrt' [enabled by default]
 char sqrt ();
      ^
/tmp/ccByHNop.o: In function `main':
/public-supool/home/gaolab/SXL/BatMis-3.00/conftest.c:75: undefined reference to `sqrt'
collect2: error: ld returned 1 exit status
configure:4834: $? = 1
configure: failed program was:
| /* confdefs.h */
| #define PACKAGE_NAME "BatMis"
| #define PACKAGE_TARNAME "batmis"
| #define PACKAGE_VERSION "3.00(mmx)"
| #define PACKAGE_STRING "BatMis 3.00(mmx)"
| #define PACKAGE_BUGREPORT "bwtbatman@gmail.com"
| #define PACKAGE_URL ""
| #define PACKAGE "BatMis"
| #define VERSION "3.00"
| #define STDC_HEADERS 1
| #define HAVE_SYS_TYPES_H 1
| #define HAVE_SYS_STAT_H 1
| #define HAVE_STDLIB_H 1
| #define HAVE_STRING_H 1
| #define HAVE_MEMORY_H 1
| #define HAVE_STRINGS_H 1
| #define HAVE_INTTYPES_H 1
| #define HAVE_STDINT_H 1
| #define HAVE_UNISTD_H 1
| #define HAVE_LIMITS_H 1
| #define HAVE_MALLOC_H 1
| #define HAVE_STDDEF_H 1
| #define HAVE_STDINT_H 1
| #define HAVE_STDLIB_H 1
| #define HAVE_STRING_H 1
| #define HAVE_SYS_SOCKET_H 1
| #define HAVE_SYS_TIME_H 1
| #define HAVE_UNISTD_H 1
| #define TIME_WITH_SYS_TIME 1
| #define HAVE_PTRDIFF_T 1
| #define HAVE_STDLIB_H 1
| #define HAVE_MALLOC 1
| #define HAVE_STDLIB_H 1
| #define HAVE_REALLOC 1
| #define HAVE_VPRINTF 1
| #define HAVE_GETTIMEOFDAY 1
| #define HAVE_MEMMOVE 1
| #define HAVE_MEMSET 1
| #define HAVE_SOCKET 1
| /* end confdefs.h.  */
| /* Define sqrt to an innocuous variant, in case <limits.h> declares sqrt.
|    For example, HP-UX 11i <limits.h> declares gettimeofday.  */
| #define sqrt innocuous_sqrt
| 
| /* System header to define __stub macros and hopefully few prototypes,
|     which can conflict with char sqrt (); below.
|     Prefer <limits.h> to <assert.h> if __STDC__ is defined, since
|     <limits.h> exists even on freestanding compilers.  */
| 
| #ifdef __STDC__
| # include <limits.h>
| #else
| # include <assert.h>
| #endif
| 
| #undef sqrt
| 
| /* Override any GCC internal prototype to avoid an error.
|    Use char because int might match the return type of a GCC
|    builtin and then its argument prototype would still apply.  */
| #ifdef __cplusplus
| extern "C"
| #endif
| char sqrt ();
| /* The GNU C library defines this for functions which it implements
|     to always fail with ENOSYS.  Some functions are actually named
|     something starting with __ and the normal name is an alias.  */
| #if defined __stub_sqrt || defined __stub___sqrt
| choke me
| #endif
| 
| int
| main ()
| {
| return sqrt ();
|   ;
|   return 0;
| }
configure:4834: result: no
configure:4834: checking for strchr
configure:4834: gcc -o conftest -g -O2   conftest.c  >&5
conftest.c:64:6: warning: conflicting types for built-in function 'strchr' [enabled by default]
 char strchr ();
      ^
configure:4834: $? = 0
configure:4834: result: yes
configure:4834: checking for strdup
configure:4834: gcc -o conftest -g -O2   conftest.c  >&5
conftest.c:65:6: warning: conflicting types for built-in function 'strdup' [enabled by default]
 char strdup ();
      ^
configure:4834: $? = 0
configure:4834: result: yes
configure:4834: checking for strtoul
configure:4834: gcc -o conftest -g -O2   conftest.c  >&5
configure:4834: $? = 0
configure:4834: result: yes
configure:4844: checking Checking for SIMD support and for a gcc bug...
configure:4859: gcc -c -g -O2 -msse2  conftest.c >&5
conftest.c:44:23: warning: extra tokens at end of #include directive [enabled by default]
 #include <emmintrin.h>;#include <mmintrin.h>;
                       ^
configure:4859: $? = 0
configure:4860: result: OK...
configure:4997: creating ./config.status

## ---------------------- ##
## Running config.status. ##
## ---------------------- ##

This file was extended by BatMis config.status 3.00(mmx), which was
generated by GNU Autoconf 2.65.  Invocation command line was

  CONFIG_FILES    = 
  CONFIG_HEADERS  = 
  CONFIG_LINKS    = 
  CONFIG_COMMANDS = 
  $ ./config.status 

on ln01

config.status:883: creating Makefile
config.status:883: creating src/Makefile
config.status:883: creating scripts/Makefile
config.status:883: creating doc/Makefile
config.status:883: creating config.h
config.status:1103: executing depfiles commands

## ---------------- ##
## Cache variables. ##
## ---------------- ##

ac_cv_c_compiler_gnu=yes
ac_cv_c_const=yes
ac_cv_c_volatile=yes
ac_cv_cxx_compiler_gnu=yes
ac_cv_env_CCC_set=
ac_cv_env_CCC_value=
ac_cv_env_CC_set=
ac_cv_env_CC_value=
ac_cv_env_CFLAGS_set=
ac_cv_env_CFLAGS_value=
ac_cv_env_CPPFLAGS_set=
ac_cv_env_CPPFLAGS_value=
ac_cv_env_CPP_set=
ac_cv_env_CPP_value=
ac_cv_env_CXXFLAGS_set=
ac_cv_env_CXXFLAGS_value=
ac_cv_env_CXX_set=
ac_cv_env_CXX_value=
ac_cv_env_LDFLAGS_set=
ac_cv_env_LDFLAGS_value=
ac_cv_env_LIBS_set=
ac_cv_env_LIBS_value=
ac_cv_env_build_alias_set=
ac_cv_env_build_alias_value=
ac_cv_env_host_alias_set=
ac_cv_env_host_alias_value=
ac_cv_env_target_alias_set=
ac_cv_env_target_alias_value=
ac_cv_func__doprnt=no
ac_cv_func_floor=no
ac_cv_func_gettimeofday=yes
ac_cv_func_malloc_0_nonnull=yes
ac_cv_func_memmove=yes
ac_cv_func_memset=yes
ac_cv_func_pow=no
ac_cv_func_realloc_0_nonnull=yes
ac_cv_func_setvbuf_reversed=no
ac_cv_func_socket=yes
ac_cv_func_sqrt=no
ac_cv_func_strchr=yes
ac_cv_func_strdup=yes
ac_cv_func_strtoul=yes
ac_cv_func_vprintf=yes
ac_cv_header_inttypes_h=yes
ac_cv_header_limits_h=yes
ac_cv_header_malloc_h=yes
ac_cv_header_memory_h=yes
ac_cv_header_stdc=yes
ac_cv_header_stddef_h=yes
ac_cv_header_stdint_h=yes
ac_cv_header_stdlib_h=yes
ac_cv_header_string_h=yes
ac_cv_header_strings_h=yes
ac_cv_header_sys_socket_h=yes
ac_cv_header_sys_stat_h=yes
ac_cv_header_sys_time_h=yes
ac_cv_header_sys_types_h=yes
ac_cv_header_time=yes
ac_cv_header_unistd_h=yes
ac_cv_objext=o
ac_cv_path_EGREP='/usr/bin/grep -E'
ac_cv_path_GREP=/usr/bin/grep
ac_cv_path_install='/usr/bin/install -c'
ac_cv_path_mkdir=/usr/bin/mkdir
ac_cv_prog_AWK=gawk
ac_cv_prog_CPP='gcc -E'
ac_cv_prog_ac_ct_CC=gcc
ac_cv_prog_ac_ct_CXX=g++
ac_cv_prog_cc_c89=
ac_cv_prog_cc_g=yes
ac_cv_prog_cxx_g=yes
ac_cv_prog_make_make_set=yes
ac_cv_type_ptrdiff_t=yes
ac_cv_type_size_t=yes
am_cv_CC_dependencies_compiler_type=gcc3
am_cv_CXX_dependencies_compiler_type=gcc3

## ----------------- ##
## Output variables. ##
## ----------------- ##

ACLOCAL='${SHELL} /public-supool/home/gaolab/SXL/BatMis-3.00/missing --run aclocal-1.11'
AMDEPBACKSLASH='\'
AMDEP_FALSE='#'
AMDEP_TRUE=''
AMTAR='${SHELL} /public-supool/home/gaolab/SXL/BatMis-3.00/missing --run tar'
AUTOCONF='${SHELL} /public-supool/home/gaolab/SXL/BatMis-3.00/missing --run autoconf'
AUTOHEADER='${SHELL} /public-supool/home/gaolab/SXL/BatMis-3.00/missing --run autoheader'
AUTOMAKE='${SHELL} /public-supool/home/gaolab/SXL/BatMis-3.00/missing --run automake-1.11'
AWK='gawk'
CC='gcc'
CCDEPMODE='depmode=gcc3'
CFLAGS='-g -O2'
CPP='gcc -E'
CPPFLAGS=''
CXX='g++'
CXXDEPMODE='depmode=gcc3'
CXXFLAGS='-g -O2'
CYGPATH_W='echo'
DEFS='-DHAVE_CONFIG_H'
DEPDIR='.deps'
ECHO_C=''
ECHO_N='-n'
ECHO_T=''
EGREP='/usr/bin/grep -E'
EXEEXT=''
GREP='/usr/bin/grep'
INSTALL_DATA='${INSTALL} -m 644'
INSTALL_PROGRAM='${INSTALL}'
INSTALL_SCRIPT='${INSTALL}'
INSTALL_STRIP_PROGRAM='$(install_sh) -c -s'
LDFLAGS=''
LIBOBJS=''
LIBS=''
LTLIBOBJS=''
MAKEINFO='${SHELL} /public-supool/home/gaolab/SXL/BatMis-3.00/missing --run makeinfo'
MKDIR_P='/usr/bin/mkdir -p'
OBJEXT='o'
PACKAGE='BatMis'
PACKAGE_BUGREPORT='bwtbatman@gmail.com'
PACKAGE_NAME='BatMis'
PACKAGE_STRING='BatMis 3.00(mmx)'
PACKAGE_TARNAME='batmis'
PACKAGE_URL=''
PACKAGE_VERSION='3.00(mmx)'
PATH_SEPARATOR=':'
SET_MAKE=''
SHELL='/bin/sh'
STRIP=''
VERSION='3.00'
ac_ct_CC='gcc'
ac_ct_CXX='g++'
am__EXEEXT_FALSE=''
am__EXEEXT_TRUE='#'
am__fastdepCC_FALSE='#'
am__fastdepCC_TRUE=''
am__fastdepCXX_FALSE='#'
am__fastdepCXX_TRUE=''
am__include='include'
am__isrc=''
am__leading_dot='.'
am__quote=''
am__tar='${AMTAR} chof - "$$tardir"'
am__untar='${AMTAR} xf -'
bindir='${exec_prefix}/bin'
build_alias=''
datadir='${datarootdir}'
datarootdir='${prefix}/share'
docdir='${datarootdir}/doc/${PACKAGE_TARNAME}'
dvidir='${docdir}'
exec_prefix='${prefix}'
host_alias=''
htmldir='${docdir}'
includedir='${prefix}/include'
infodir='${datarootdir}/info'
install_sh='${SHELL} /public-supool/home/gaolab/SXL/BatMis-3.00/install-sh'
libdir='${exec_prefix}/lib'
libexecdir='${exec_prefix}/libexec'
localedir='${datarootdir}/locale'
localstatedir='${prefix}/var'
mandir='${datarootdir}/man'
mkdir_p='/usr/bin/mkdir -p'
oldincludedir='/usr/include'
pdfdir='${docdir}'
prefix='/public-supool/home/gaolab/SXL/BatMis-3.00'
program_transform_name='s,x,x,'
psdir='${docdir}'
sbindir='${exec_prefix}/sbin'
sharedstatedir='${prefix}/com'
sysconfdir='${prefix}/etc'
target_alias=''

## ----------- ##
## confdefs.h. ##
## ----------- ##

/* confdefs.h */
#define PACKAGE_NAME "BatMis"
#define PACKAGE_TARNAME "batmis"
#define PACKAGE_VERSION "3.00(mmx)"
#define PACKAGE_STRING "BatMis 3.00(mmx)"
#define PACKAGE_BUGREPORT "bwtbatman@gmail.com"
#define PACKAGE_URL ""
#define PACKAGE "BatMis"
#define VERSION "3.00"
#define STDC_HEADERS 1
#define HAVE_SYS_TYPES_H 1
#define HAVE_SYS_STAT_H 1
#define HAVE_STDLIB_H 1
#define HAVE_STRING_H 1
#define HAVE_MEMORY_H 1
#define HAVE_STRINGS_H 1
#define HAVE_INTTYPES_H 1
#define HAVE_STDINT_H 1
#define HAVE_UNISTD_H 1
#define HAVE_LIMITS_H 1
#define HAVE_MALLOC_H 1
#define HAVE_STDDEF_H 1
#define HAVE_STDINT_H 1
#define HAVE_STDLIB_H 1
#define HAVE_STRING_H 1
#define HAVE_SYS_SOCKET_H 1
#define HAVE_SYS_TIME_H 1
#define HAVE_UNISTD_H 1
#define TIME_WITH_SYS_TIME 1
#define HAVE_PTRDIFF_T 1
#define HAVE_STDLIB_H 1
#define HAVE_MALLOC 1
#define HAVE_STDLIB_H 1
#define HAVE_REALLOC 1
#define HAVE_VPRINTF 1
#define HAVE_GETTIMEOFDAY 1
#define HAVE_MEMMOVE 1
#define HAVE_MEMSET 1
#define HAVE_SOCKET 1
#define HAVE_STRCHR 1
#define HAVE_STRDUP 1
#define HAVE_STRTOUL 1
#define MMX 1

configure: exit 0
